h:\university\github\trongame\builds\debug (x86)\angrybirds.tmp\vc141.pdb
h:\university\github\trongame\builds\debug (x86)\angrybirds.tmp\vc141.idb
h:\university\github\trongame\builds\debug (x86)\angrybirds.tmp\vector2.obj
h:\university\github\trongame\builds\debug (x86)\angrybirds.tmp\spritecomponent.obj
h:\university\github\trongame\builds\debug (x86)\angrybirds.tmp\rect.obj
h:\university\github\trongame\builds\debug (x86)\angrybirds.tmp\menuscene.obj
h:\university\github\trongame\builds\debug (x86)\angrybirds.tmp\game.obj
h:\university\github\trongame\builds\debug (x86)\angrybirds.tmp\main.obj
h:\university\github\trongame\builds\debug (x86)\angrybirds.tmp\line.obj
h:\university\github\trongame\builds\debug (x86)\angrybirds.tmp\gamescene.obj
h:\university\github\trongame\builds\debug (x86)\angrybirds.tmp\gameobject.obj
h:\university\github\trongame\builds\debug (x86)\angrybirds.tmp\actions.obj
h:\university\github\trongame\builds\debug (x86)\angrybirds.tmp\grid.obj
h:\university\github\trongame\builds\debug (x86)\angrybirds.exe
h:\university\github\trongame\builds\debug (x86)\angrybirds.pdb
h:\university\github\trongame\projects\..\builds\debug (x86)\angrybirds.pdb
h:\university\github\trongame\projects\..\builds\debug (x86)\angrybirds.exe
h:\university\github\trongame\builds\debug (x86)\angrybirds.tmp\angrybirds.tlog\cl.command.1.tlog
h:\university\github\trongame\builds\debug (x86)\angrybirds.tmp\angrybirds.tlog\cl.read.1.tlog
h:\university\github\trongame\builds\debug (x86)\angrybirds.tmp\angrybirds.tlog\cl.write.1.tlog
h:\university\github\trongame\builds\debug (x86)\angrybirds.tmp\angrybirds.tlog\link.command.1.tlog
h:\university\github\trongame\builds\debug (x86)\angrybirds.tmp\angrybirds.tlog\link.read.1.tlog
h:\university\github\trongame\builds\debug (x86)\angrybirds.tmp\angrybirds.tlog\link.write.1.tlog
