  Actions.cpp
  GameObject.cpp
  GameScene.cpp
f:\university\github\trongame\source\gamescene.cpp(184): warning C4018: '<': signed/unsigned mismatch
f:\university\github\trongame\source\gamescene.cpp(208): warning C4018: '<': signed/unsigned mismatch
f:\university\github\trongame\source\gamescene.cpp(216): warning C4018: '<': signed/unsigned mismatch
f:\university\github\trongame\source\gamescene.cpp(224): warning C4018: '<': signed/unsigned mismatch
  Grid.cpp
  Line.cpp
f:\university\github\trongame\source\line.cpp(26): warning C4244: '=': conversion from 'int' to 'float', possible loss of data
f:\university\github\trongame\source\line.cpp(27): warning C4244: '=': conversion from 'int' to 'float', possible loss of data
f:\university\github\trongame\source\line.cpp(52): warning C4244: 'return': conversion from 'float' to 'int', possible loss of data
f:\university\github\trongame\source\line.cpp(57): warning C4244: 'return': conversion from 'float' to 'int', possible loss of data
f:\university\github\trongame\source\line.cpp(62): warning C4244: 'argument': conversion from 'double' to 'float', possible loss of data
f:\university\github\trongame\source\line.cpp(144): warning C4244: 'return': conversion from 'int' to 'float', possible loss of data
f:\university\github\trongame\source\line.cpp(149): warning C4244: 'return': conversion from 'int' to 'float', possible loss of data
f:\university\github\trongame\source\line.cpp(154): warning C4244: '=': conversion from 'float' to 'int', possible loss of data
f:\university\github\trongame\source\line.cpp(159): warning C4244: '=': conversion from 'float' to 'int', possible loss of data
f:\university\github\trongame\source\line.cpp(182): warning C4018: '<': signed/unsigned mismatch
f:\university\github\trongame\source\line.cpp(194): warning C4018: '<': signed/unsigned mismatch
  main.cpp
  Game.cpp
f:\university\github\trongame\source\game.cpp(55): warning C4244: 'argument': conversion from '_Rep' to 'float', possible loss of data
          with
          [
              _Rep=double
          ]
  MenuScene.cpp
  Rect.cpp
  SpriteComponent.cpp
  Vector2.cpp
  Generating Code...
LINK : warning LNK4075: ignoring '/INCREMENTAL' due to '/LTCG' specification
LINK : warning LNK4098: defaultlib 'LIBCMTD' conflicts with use of other libs; use /NODEFAULTLIB:library
  LINK : /LTCG specified but no code generation required; remove /LTCG from the link command line to improve linker performance
Engine__Debug_x86.lib(Game.obj) : warning LNK4099: PDB 'Engine_x86.pdb' was not found with 'Engine__Debug_x86.lib(Game.obj)' or at 'F:\University\Github\TronGame\Builds\Debug (x86)\Engine_x86.pdb'; linking object as if no debug info
Engine__Debug_x86.lib(Input.obj) : warning LNK4099: PDB 'Engine_x86.pdb' was not found with 'Engine__Debug_x86.lib(Input.obj)' or at 'F:\University\Github\TronGame\Builds\Debug (x86)\Engine_x86.pdb'; linking object as if no debug info
Engine__Debug_x86.lib(OGLGame.obj) : warning LNK4099: PDB 'Engine_x86.pdb' was not found with 'Engine__Debug_x86.lib(OGLGame.obj)' or at 'F:\University\Github\TronGame\Builds\Debug (x86)\Engine_x86.pdb'; linking object as if no debug info
Engine__Debug_x86.lib(Renderer.obj) : warning LNK4099: PDB 'Engine_x86.pdb' was not found with 'Engine__Debug_x86.lib(Renderer.obj)' or at 'F:\University\Github\TronGame\Builds\Debug (x86)\Engine_x86.pdb'; linking object as if no debug info
Engine__Debug_x86.lib(Sprite.obj) : warning LNK4099: PDB 'Engine_x86.pdb' was not found with 'Engine__Debug_x86.lib(Sprite.obj)' or at 'F:\University\Github\TronGame\Builds\Debug (x86)\Engine_x86.pdb'; linking object as if no debug info
Engine__Debug_x86.lib(glew.obj) : warning LNK4099: PDB 'vc120.pdb' was not found with 'Engine__Debug_x86.lib(glew.obj)' or at 'F:\University\Github\TronGame\Builds\Debug (x86)\vc120.pdb'; linking object as if no debug info
Engine__Debug_x86.lib(GLTextureCache.obj) : warning LNK4099: PDB 'GLRenderer_x86.pdb' was not found with 'Engine__Debug_x86.lib(GLTextureCache.obj)' or at 'F:\University\Github\TronGame\Builds\Debug (x86)\GLRenderer_x86.pdb'; linking object as if no debug info
Engine__Debug_x86.lib(GLTexture.obj) : warning LNK4099: PDB 'GLRenderer_x86.pdb' was not found with 'Engine__Debug_x86.lib(GLTexture.obj)' or at 'F:\University\Github\TronGame\Builds\Debug (x86)\GLRenderer_x86.pdb'; linking object as if no debug info
Engine__Debug_x86.lib(GLTextRenderer.obj) : warning LNK4099: PDB 'GLRenderer_x86.pdb' was not found with 'Engine__Debug_x86.lib(GLTextRenderer.obj)' or at 'F:\University\Github\TronGame\Builds\Debug (x86)\GLRenderer_x86.pdb'; linking object as if no debug info
Engine__Debug_x86.lib(GLSpriteRenderer.obj) : warning LNK4099: PDB 'GLRenderer_x86.pdb' was not found with 'Engine__Debug_x86.lib(GLSpriteRenderer.obj)' or at 'F:\University\Github\TronGame\Builds\Debug (x86)\GLRenderer_x86.pdb'; linking object as if no debug info
Engine__Debug_x86.lib(GLSpriteBatch.obj) : warning LNK4099: PDB 'GLRenderer_x86.pdb' was not found with 'Engine__Debug_x86.lib(GLSpriteBatch.obj)' or at 'F:\University\Github\TronGame\Builds\Debug (x86)\GLRenderer_x86.pdb'; linking object as if no debug info
Engine__Debug_x86.lib(GLSprite.obj) : warning LNK4099: PDB 'GLRenderer_x86.pdb' was not found with 'Engine__Debug_x86.lib(GLSprite.obj)' or at 'F:\University\Github\TronGame\Builds\Debug (x86)\GLRenderer_x86.pdb'; linking object as if no debug info
Engine__Debug_x86.lib(GLShader.obj) : warning LNK4099: PDB 'GLRenderer_x86.pdb' was not found with 'Engine__Debug_x86.lib(GLShader.obj)' or at 'F:\University\Github\TronGame\Builds\Debug (x86)\GLRenderer_x86.pdb'; linking object as if no debug info
Engine__Debug_x86.lib(GLRenderer.obj) : warning LNK4099: PDB 'GLRenderer_x86.pdb' was not found with 'Engine__Debug_x86.lib(GLRenderer.obj)' or at 'F:\University\Github\TronGame\Builds\Debug (x86)\GLRenderer_x86.pdb'; linking object as if no debug info
Engine__Debug_x86.lib(GLInput.obj) : warning LNK4099: PDB 'GLRenderer_x86.pdb' was not found with 'Engine__Debug_x86.lib(GLInput.obj)' or at 'F:\University\Github\TronGame\Builds\Debug (x86)\GLRenderer_x86.pdb'; linking object as if no debug info
Engine__Debug_x86.lib(GLFontSet.obj) : warning LNK4099: PDB 'GLRenderer_x86.pdb' was not found with 'Engine__Debug_x86.lib(GLFontSet.obj)' or at 'F:\University\Github\TronGame\Builds\Debug (x86)\GLRenderer_x86.pdb'; linking object as if no debug info
Engine__Debug_x86.lib(GLAtlas.obj) : warning LNK4099: PDB 'GLRenderer_x86.pdb' was not found with 'Engine__Debug_x86.lib(GLAtlas.obj)' or at 'F:\University\Github\TronGame\Builds\Debug (x86)\GLRenderer_x86.pdb'; linking object as if no debug info
Engine__Debug_x86.lib(winfnt.obj) : warning LNK4099: PDB 'freetype265MTd.pdb' was not found with 'Engine__Debug_x86.lib(winfnt.obj)' or at 'F:\University\Github\TronGame\Builds\Debug (x86)\freetype265MTd.pdb'; linking object as if no debug info
Engine__Debug_x86.lib(type42.obj) : warning LNK4099: PDB 'freetype265MTd.pdb' was not found with 'Engine__Debug_x86.lib(type42.obj)' or at 'F:\University\Github\TronGame\Builds\Debug (x86)\freetype265MTd.pdb'; linking object as if no debug info
Engine__Debug_x86.lib(type1cid.obj) : warning LNK4099: PDB 'freetype265MTd.pdb' was not found with 'Engine__Debug_x86.lib(type1cid.obj)' or at 'F:\University\Github\TronGame\Builds\Debug (x86)\freetype265MTd.pdb'; linking object as if no debug info
Engine__Debug_x86.lib(type1.obj) : warning LNK4099: PDB 'freetype265MTd.pdb' was not found with 'Engine__Debug_x86.lib(type1.obj)' or at 'F:\University\Github\TronGame\Builds\Debug (x86)\freetype265MTd.pdb'; linking object as if no debug info
Engine__Debug_x86.lib(truetype.obj) : warning LNK4099: PDB 'freetype265MTd.pdb' was not found with 'Engine__Debug_x86.lib(truetype.obj)' or at 'F:\University\Github\TronGame\Builds\Debug (x86)\freetype265MTd.pdb'; linking object as if no debug info
Engine__Debug_x86.lib(sfnt.obj) : warning LNK4099: PDB 'freetype265MTd.pdb' was not found with 'Engine__Debug_x86.lib(sfnt.obj)' or at 'F:\University\Github\TronGame\Builds\Debug (x86)\freetype265MTd.pdb'; linking object as if no debug info
Engine__Debug_x86.lib(raster.obj) : warning LNK4099: PDB 'freetype265MTd.pdb' was not found with 'Engine__Debug_x86.lib(raster.obj)' or at 'F:\University\Github\TronGame\Builds\Debug (x86)\freetype265MTd.pdb'; linking object as if no debug info
Engine__Debug_x86.lib(psmodule.obj) : warning LNK4099: PDB 'freetype265MTd.pdb' was not found with 'Engine__Debug_x86.lib(psmodule.obj)' or at 'F:\University\Github\TronGame\Builds\Debug (x86)\freetype265MTd.pdb'; linking object as if no debug info
Engine__Debug_x86.lib(pshinter.obj) : warning LNK4099: PDB 'freetype265MTd.pdb' was not found with 'Engine__Debug_x86.lib(pshinter.obj)' or at 'F:\University\Github\TronGame\Builds\Debug (x86)\freetype265MTd.pdb'; linking object as if no debug info
Engine__Debug_x86.lib(psaux.obj) : warning LNK4099: PDB 'freetype265MTd.pdb' was not found with 'Engine__Debug_x86.lib(psaux.obj)' or at 'F:\University\Github\TronGame\Builds\Debug (x86)\freetype265MTd.pdb'; linking object as if no debug info
Engine__Debug_x86.lib(pfr.obj) : warning LNK4099: PDB 'freetype265MTd.pdb' was not found with 'Engine__Debug_x86.lib(pfr.obj)' or at 'F:\University\Github\TronGame\Builds\Debug (x86)\freetype265MTd.pdb'; linking object as if no debug info
Engine__Debug_x86.lib(pcf.obj) : warning LNK4099: PDB 'freetype265MTd.pdb' was not found with 'Engine__Debug_x86.lib(pcf.obj)' or at 'F:\University\Github\TronGame\Builds\Debug (x86)\freetype265MTd.pdb'; linking object as if no debug info
Engine__Debug_x86.lib(smooth.obj) : warning LNK4099: PDB 'freetype265MTd.pdb' was not found with 'Engine__Debug_x86.lib(smooth.obj)' or at 'F:\University\Github\TronGame\Builds\Debug (x86)\freetype265MTd.pdb'; linking object as if no debug info
Engine__Debug_x86.lib(ftsystem.obj) : warning LNK4099: PDB 'freetype265MTd.pdb' was not found with 'Engine__Debug_x86.lib(ftsystem.obj)' or at 'F:\University\Github\TronGame\Builds\Debug (x86)\freetype265MTd.pdb'; linking object as if no debug info
Engine__Debug_x86.lib(ftlzw.obj) : warning LNK4099: PDB 'freetype265MTd.pdb' was not found with 'Engine__Debug_x86.lib(ftlzw.obj)' or at 'F:\University\Github\TronGame\Builds\Debug (x86)\freetype265MTd.pdb'; linking object as if no debug info
Engine__Debug_x86.lib(ftinit.obj) : warning LNK4099: PDB 'freetype265MTd.pdb' was not found with 'Engine__Debug_x86.lib(ftinit.obj)' or at 'F:\University\Github\TronGame\Builds\Debug (x86)\freetype265MTd.pdb'; linking object as if no debug info
Engine__Debug_x86.lib(ftgzip.obj) : warning LNK4099: PDB 'freetype265MTd.pdb' was not found with 'Engine__Debug_x86.lib(ftgzip.obj)' or at 'F:\University\Github\TronGame\Builds\Debug (x86)\freetype265MTd.pdb'; linking object as if no debug info
Engine__Debug_x86.lib(ftdebug.obj) : warning LNK4099: PDB 'freetype265MTd.pdb' was not found with 'Engine__Debug_x86.lib(ftdebug.obj)' or at 'F:\University\Github\TronGame\Builds\Debug (x86)\freetype265MTd.pdb'; linking object as if no debug info
Engine__Debug_x86.lib(ftbitmap.obj) : warning LNK4099: PDB 'freetype265MTd.pdb' was not found with 'Engine__Debug_x86.lib(ftbitmap.obj)' or at 'F:\University\Github\TronGame\Builds\Debug (x86)\freetype265MTd.pdb'; linking object as if no debug info
Engine__Debug_x86.lib(ftbase.obj) : warning LNK4099: PDB 'freetype265MTd.pdb' was not found with 'Engine__Debug_x86.lib(ftbase.obj)' or at 'F:\University\Github\TronGame\Builds\Debug (x86)\freetype265MTd.pdb'; linking object as if no debug info
Engine__Debug_x86.lib(cff.obj) : warning LNK4099: PDB 'freetype265MTd.pdb' was not found with 'Engine__Debug_x86.lib(cff.obj)' or at 'F:\University\Github\TronGame\Builds\Debug (x86)\freetype265MTd.pdb'; linking object as if no debug info
Engine__Debug_x86.lib(bdf.obj) : warning LNK4099: PDB 'freetype265MTd.pdb' was not found with 'Engine__Debug_x86.lib(bdf.obj)' or at 'F:\University\Github\TronGame\Builds\Debug (x86)\freetype265MTd.pdb'; linking object as if no debug info
Engine__Debug_x86.lib(autofit.obj) : warning LNK4099: PDB 'freetype265MTd.pdb' was not found with 'Engine__Debug_x86.lib(autofit.obj)' or at 'F:\University\Github\TronGame\Builds\Debug (x86)\freetype265MTd.pdb'; linking object as if no debug info
  AngryBirds.vcxproj -> F:\University\Github\TronGame\Projects\..\Builds\Debug (x86)\AngryBirds.exe
  0 File(s) copied
